<?xml version="1.0" encoding="UTF-8"?>
<testsuite xmlns:xsi="http://www.w3.org/2001/XMLSchema-instance" xsi:noNamespaceSchemaLocation="https://maven.apache.org/surefire/maven-surefire-plugin/xsd/surefire-test-report.xsd" version="3.0.2" name="com.group3.backend.BackendApplicationTests" time="6.871" tests="1" errors="0" skipped="0" failures="0">
  <properties>
    <property name="java.specification.version" value="23"/>
    <property name="sun.cpu.isalist" value="amd64"/>
    <property name="sun.jnu.encoding" value="Cp1252"/>
    <property name="java.class.path" value="D:\Projects\Fertility-treatmet-system\backend\target\test-classes;D:\Projects\Fertility-treatmet-system\backend\target\classes;D:\Maven\org\springframework\boot\spring-boot-starter-web\3.4.5\spring-boot-starter-web-3.4.5.jar;D:\Maven\org\springframework\boot\spring-boot-starter\3.4.5\spring-boot-starter-3.4.5.jar;D:\Maven\org\springframework\boot\spring-boot\3.4.5\spring-boot-3.4.5.jar;D:\Maven\org\springframework\boot\spring-boot-autoconfigure\3.4.5\spring-boot-autoconfigure-3.4.5.jar;D:\Maven\org\springframework\boot\spring-boot-starter-logging\3.4.5\spring-boot-starter-logging-3.4.5.jar;D:\Maven\ch\qos\logback\logback-classic\1.5.18\logback-classic-1.5.18.jar;D:\Maven\ch\qos\logback\logback-core\1.5.18\logback-core-1.5.18.jar;D:\Maven\org\apache\logging\log4j\log4j-to-slf4j\2.24.3\log4j-to-slf4j-2.24.3.jar;D:\Maven\org\apache\logging\log4j\log4j-api\2.24.3\log4j-api-2.24.3.jar;D:\Maven\org\slf4j\jul-to-slf4j\2.0.17\jul-to-slf4j-2.0.17.jar;D:\Maven\jakarta\annotation\jakarta.annotation-api\2.1.1\jakarta.annotation-api-2.1.1.jar;D:\Maven\org\yaml\snakeyaml\2.3\snakeyaml-2.3.jar;D:\Maven\org\springframework\boot\spring-boot-starter-json\3.4.5\spring-boot-starter-json-3.4.5.jar;D:\Maven\com\fasterxml\jackson\core\jackson-databind\2.18.3\jackson-databind-2.18.3.jar;D:\Maven\com\fasterxml\jackson\core\jackson-annotations\2.18.3\jackson-annotations-2.18.3.jar;D:\Maven\com\fasterxml\jackson\core\jackson-core\2.18.3\jackson-core-2.18.3.jar;D:\Maven\com\fasterxml\jackson\datatype\jackson-datatype-jdk8\2.18.3\jackson-datatype-jdk8-2.18.3.jar;D:\Maven\com\fasterxml\jackson\datatype\jackson-datatype-jsr310\2.18.3\jackson-datatype-jsr310-2.18.3.jar;D:\Maven\com\fasterxml\jackson\module\jackson-module-parameter-names\2.18.3\jackson-module-parameter-names-2.18.3.jar;D:\Maven\org\springframework\boot\spring-boot-starter-tomcat\3.4.5\spring-boot-starter-tomcat-3.4.5.jar;D:\Maven\org\apache\tomcat\embed\tomcat-embed-core\10.1.40\tomcat-embed-core-10.1.40.jar;D:\Maven\org\apache\tomcat\embed\tomcat-embed-el\10.1.40\tomcat-embed-el-10.1.40.jar;D:\Maven\org\apache\tomcat\embed\tomcat-embed-websocket\10.1.40\tomcat-embed-websocket-10.1.40.jar;D:\Maven\org\springframework\spring-web\6.2.6\spring-web-6.2.6.jar;D:\Maven\org\springframework\spring-beans\6.2.6\spring-beans-6.2.6.jar;D:\Maven\io\micrometer\micrometer-observation\1.14.6\micrometer-observation-1.14.6.jar;D:\Maven\io\micrometer\micrometer-commons\1.14.6\micrometer-commons-1.14.6.jar;D:\Maven\org\springframework\spring-webmvc\6.2.6\spring-webmvc-6.2.6.jar;D:\Maven\org\springframework\spring-aop\6.2.6\spring-aop-6.2.6.jar;D:\Maven\org\springframework\spring-context\6.2.6\spring-context-6.2.6.jar;D:\Maven\org\springframework\spring-expression\6.2.6\spring-expression-6.2.6.jar;D:\Maven\org\springdoc\springdoc-openapi-starter-webmvc-ui\2.8.8\springdoc-openapi-starter-webmvc-ui-2.8.8.jar;D:\Maven\org\springdoc\springdoc-openapi-starter-webmvc-api\2.8.8\springdoc-openapi-starter-webmvc-api-2.8.8.jar;D:\Maven\org\springdoc\springdoc-openapi-starter-common\2.8.8\springdoc-openapi-starter-common-2.8.8.jar;D:\Maven\org\springframework\boot\spring-boot-starter-validation\3.4.5\spring-boot-starter-validation-3.4.5.jar;D:\Maven\org\hibernate\validator\hibernate-validator\8.0.2.Final\hibernate-validator-8.0.2.Final.jar;D:\Maven\org\jboss\logging\jboss-logging\3.6.1.Final\jboss-logging-3.6.1.Final.jar;D:\Maven\com\fasterxml\classmate\1.7.0\classmate-1.7.0.jar;D:\Maven\io\swagger\core\v3\swagger-core-jakarta\2.2.30\swagger-core-jakarta-2.2.30.jar;D:\Maven\org\apache\commons\commons-lang3\3.17.0\commons-lang3-3.17.0.jar;D:\Maven\io\swagger\core\v3\swagger-annotations-jakarta\2.2.30\swagger-annotations-jakarta-2.2.30.jar;D:\Maven\io\swagger\core\v3\swagger-models-jakarta\2.2.30\swagger-models-jakarta-2.2.30.jar;D:\Maven\jakarta\validation\jakarta.validation-api\3.0.2\jakarta.validation-api-3.0.2.jar;D:\Maven\com\fasterxml\jackson\dataformat\jackson-dataformat-yaml\2.18.3\jackson-dataformat-yaml-2.18.3.jar;D:\Maven\org\webjars\swagger-ui\5.21.0\swagger-ui-5.21.0.jar;D:\Maven\org\webjars\webjars-locator-lite\1.0.1\webjars-locator-lite-1.0.1.jar;D:\Maven\org\jspecify\jspecify\1.0.0\jspecify-1.0.0.jar;D:\Maven\org\projectlombok\lombok\1.18.38\lombok-1.18.38.jar;D:\Maven\org\springframework\boot\spring-boot-starter-test\3.4.5\spring-boot-starter-test-3.4.5.jar;D:\Maven\org\springframework\boot\spring-boot-test\3.4.5\spring-boot-test-3.4.5.jar;D:\Maven\org\springframework\boot\spring-boot-test-autoconfigure\3.4.5\spring-boot-test-autoconfigure-3.4.5.jar;D:\Maven\com\jayway\jsonpath\json-path\2.9.0\json-path-2.9.0.jar;D:\Maven\org\slf4j\slf4j-api\2.0.17\slf4j-api-2.0.17.jar;D:\Maven\jakarta\xml\bind\jakarta.xml.bind-api\4.0.2\jakarta.xml.bind-api-4.0.2.jar;D:\Maven\jakarta\activation\jakarta.activation-api\2.1.3\jakarta.activation-api-2.1.3.jar;D:\Maven\net\minidev\json-smart\2.5.2\json-smart-2.5.2.jar;D:\Maven\net\minidev\accessors-smart\2.5.2\accessors-smart-2.5.2.jar;D:\Maven\org\ow2\asm\asm\9.7.1\asm-9.7.1.jar;D:\Maven\org\assertj\assertj-core\3.26.3\assertj-core-3.26.3.jar;D:\Maven\net\bytebuddy\byte-buddy\1.15.11\byte-buddy-1.15.11.jar;D:\Maven\org\awaitility\awaitility\4.2.2\awaitility-4.2.2.jar;D:\Maven\org\hamcrest\hamcrest\2.2\hamcrest-2.2.jar;D:\Maven\org\junit\jupiter\junit-jupiter\5.11.4\junit-jupiter-5.11.4.jar;D:\Maven\org\junit\jupiter\junit-jupiter-api\5.11.4\junit-jupiter-api-5.11.4.jar;D:\Maven\org\opentest4j\opentest4j\1.3.0\opentest4j-1.3.0.jar;D:\Maven\org\junit\platform\junit-platform-commons\1.11.4\junit-platform-commons-1.11.4.jar;D:\Maven\org\apiguardian\apiguardian-api\1.1.2\apiguardian-api-1.1.2.jar;D:\Maven\org\junit\jupiter\junit-jupiter-params\5.11.4\junit-jupiter-params-5.11.4.jar;D:\Maven\org\junit\jupiter\junit-jupiter-engine\5.11.4\junit-jupiter-engine-5.11.4.jar;D:\Maven\org\junit\platform\junit-platform-engine\1.11.4\junit-platform-engine-1.11.4.jar;D:\Maven\org\mockito\mockito-core\5.14.2\mockito-core-5.14.2.jar;D:\Maven\net\bytebuddy\byte-buddy-agent\1.15.11\byte-buddy-agent-1.15.11.jar;D:\Maven\org\objenesis\objenesis\3.3\objenesis-3.3.jar;D:\Maven\org\mockito\mockito-junit-jupiter\5.14.2\mockito-junit-jupiter-5.14.2.jar;D:\Maven\org\skyscreamer\jsonassert\1.5.3\jsonassert-1.5.3.jar;D:\Maven\com\vaadin\external\google\android-json\0.0.20131108.vaadin1\android-json-0.0.20131108.vaadin1.jar;D:\Maven\org\springframework\spring-core\6.2.6\spring-core-6.2.6.jar;D:\Maven\org\springframework\spring-jcl\6.2.6\spring-jcl-6.2.6.jar;D:\Maven\org\springframework\spring-test\6.2.6\spring-test-6.2.6.jar;D:\Maven\org\xmlunit\xmlunit-core\2.10.0\xmlunit-core-2.10.0.jar;"/>
    <property name="java.vm.vendor" value="Oracle Corporation"/>
    <property name="sun.arch.data.model" value="64"/>
    <property name="user.variant" value=""/>
    <property name="java.vendor.url" value="https://java.oracle.com/"/>
    <property name="user.timezone" value="Asia/Saigon"/>
    <property name="org.jboss.logging.provider" value="slf4j"/>
    <property name="os.name" value="Windows 11"/>
    <property name="java.vm.specification.version" value="23"/>
    <property name="APPLICATION_NAME" value="backend"/>
    <property name="sun.java.launcher" value="SUN_STANDARD"/>
    <property name="user.country" value="US"/>
    <property name="sun.boot.library.path" value="C:\Users\HP\.jdks\openjdk-23.0.2\bin"/>
    <property name="sun.java.command" value="C:\Users\HP\AppData\Local\Temp\surefire8949312460462478112\surefirebooter-20250531094521186_3.jar C:\Users\HP\AppData\Local\Temp\surefire8949312460462478112 2025-05-31T09-45-20_807-jvmRun1 surefire-20250531094521186_1tmp surefire_0-20250531094521186_2tmp"/>
    <property name="jdk.debug" value="release"/>
    <property name="surefire.test.class.path" value="D:\Projects\Fertility-treatmet-system\backend\target\test-classes;D:\Projects\Fertility-treatmet-system\backend\target\classes;D:\Maven\org\springframework\boot\spring-boot-starter-web\3.4.5\spring-boot-starter-web-3.4.5.jar;D:\Maven\org\springframework\boot\spring-boot-starter\3.4.5\spring-boot-starter-3.4.5.jar;D:\Maven\org\springframework\boot\spring-boot\3.4.5\spring-boot-3.4.5.jar;D:\Maven\org\springframework\boot\spring-boot-autoconfigure\3.4.5\spring-boot-autoconfigure-3.4.5.jar;D:\Maven\org\springframework\boot\spring-boot-starter-logging\3.4.5\spring-boot-starter-logging-3.4.5.jar;D:\Maven\ch\qos\logback\logback-classic\1.5.18\logback-classic-1.5.18.jar;D:\Maven\ch\qos\logback\logback-core\1.5.18\logback-core-1.5.18.jar;D:\Maven\org\apache\logging\log4j\log4j-to-slf4j\2.24.3\log4j-to-slf4j-2.24.3.jar;D:\Maven\org\apache\logging\log4j\log4j-api\2.24.3\log4j-api-2.24.3.jar;D:\Maven\org\slf4j\jul-to-slf4j\2.0.17\jul-to-slf4j-2.0.17.jar;D:\Maven\jakarta\annotation\jakarta.annotation-api\2.1.1\jakarta.annotation-api-2.1.1.jar;D:\Maven\org\yaml\snakeyaml\2.3\snakeyaml-2.3.jar;D:\Maven\org\springframework\boot\spring-boot-starter-json\3.4.5\spring-boot-starter-json-3.4.5.jar;D:\Maven\com\fasterxml\jackson\core\jackson-databind\2.18.3\jackson-databind-2.18.3.jar;D:\Maven\com\fasterxml\jackson\core\jackson-annotations\2.18.3\jackson-annotations-2.18.3.jar;D:\Maven\com\fasterxml\jackson\core\jackson-core\2.18.3\jackson-core-2.18.3.jar;D:\Maven\com\fasterxml\jackson\datatype\jackson-datatype-jdk8\2.18.3\jackson-datatype-jdk8-2.18.3.jar;D:\Maven\com\fasterxml\jackson\datatype\jackson-datatype-jsr310\2.18.3\jackson-datatype-jsr310-2.18.3.jar;D:\Maven\com\fasterxml\jackson\module\jackson-module-parameter-names\2.18.3\jackson-module-parameter-names-2.18.3.jar;D:\Maven\org\springframework\boot\spring-boot-starter-tomcat\3.4.5\spring-boot-starter-tomcat-3.4.5.jar;D:\Maven\org\apache\tomcat\embed\tomcat-embed-core\10.1.40\tomcat-embed-core-10.1.40.jar;D:\Maven\org\apache\tomcat\embed\tomcat-embed-el\10.1.40\tomcat-embed-el-10.1.40.jar;D:\Maven\org\apache\tomcat\embed\tomcat-embed-websocket\10.1.40\tomcat-embed-websocket-10.1.40.jar;D:\Maven\org\springframework\spring-web\6.2.6\spring-web-6.2.6.jar;D:\Maven\org\springframework\spring-beans\6.2.6\spring-beans-6.2.6.jar;D:\Maven\io\micrometer\micrometer-observation\1.14.6\micrometer-observation-1.14.6.jar;D:\Maven\io\micrometer\micrometer-commons\1.14.6\micrometer-commons-1.14.6.jar;D:\Maven\org\springframework\spring-webmvc\6.2.6\spring-webmvc-6.2.6.jar;D:\Maven\org\springframework\spring-aop\6.2.6\spring-aop-6.2.6.jar;D:\Maven\org\springframework\spring-context\6.2.6\spring-context-6.2.6.jar;D:\Maven\org\springframework\spring-expression\6.2.6\spring-expression-6.2.6.jar;D:\Maven\org\springdoc\springdoc-openapi-starter-webmvc-ui\2.8.8\springdoc-openapi-starter-webmvc-ui-2.8.8.jar;D:\Maven\org\springdoc\springdoc-openapi-starter-webmvc-api\2.8.8\springdoc-openapi-starter-webmvc-api-2.8.8.jar;D:\Maven\org\springdoc\springdoc-openapi-starter-common\2.8.8\springdoc-openapi-starter-common-2.8.8.jar;D:\Maven\org\springframework\boot\spring-boot-starter-validation\3.4.5\spring-boot-starter-validation-3.4.5.jar;D:\Maven\org\hibernate\validator\hibernate-validator\8.0.2.Final\hibernate-validator-8.0.2.Final.jar;D:\Maven\org\jboss\logging\jboss-logging\3.6.1.Final\jboss-logging-3.6.1.Final.jar;D:\Maven\com\fasterxml\classmate\1.7.0\classmate-1.7.0.jar;D:\Maven\io\swagger\core\v3\swagger-core-jakarta\2.2.30\swagger-core-jakarta-2.2.30.jar;D:\Maven\org\apache\commons\commons-lang3\3.17.0\commons-lang3-3.17.0.jar;D:\Maven\io\swagger\core\v3\swagger-annotations-jakarta\2.2.30\swagger-annotations-jakarta-2.2.30.jar;D:\Maven\io\swagger\core\v3\swagger-models-jakarta\2.2.30\swagger-models-jakarta-2.2.30.jar;D:\Maven\jakarta\validation\jakarta.validation-api\3.0.2\jakarta.validation-api-3.0.2.jar;D:\Maven\com\fasterxml\jackson\dataformat\jackson-dataformat-yaml\2.18.3\jackson-dataformat-yaml-2.18.3.jar;D:\Maven\org\webjars\swagger-ui\5.21.0\swagger-ui-5.21.0.jar;D:\Maven\org\webjars\webjars-locator-lite\1.0.1\webjars-locator-lite-1.0.1.jar;D:\Maven\org\jspecify\jspecify\1.0.0\jspecify-1.0.0.jar;D:\Maven\org\projectlombok\lombok\1.18.38\lombok-1.18.38.jar;D:\Maven\org\springframework\boot\spring-boot-starter-test\3.4.5\spring-boot-starter-test-3.4.5.jar;D:\Maven\org\springframework\boot\spring-boot-test\3.4.5\spring-boot-test-3.4.5.jar;D:\Maven\org\springframework\boot\spring-boot-test-autoconfigure\3.4.5\spring-boot-test-autoconfigure-3.4.5.jar;D:\Maven\com\jayway\jsonpath\json-path\2.9.0\json-path-2.9.0.jar;D:\Maven\org\slf4j\slf4j-api\2.0.17\slf4j-api-2.0.17.jar;D:\Maven\jakarta\xml\bind\jakarta.xml.bind-api\4.0.2\jakarta.xml.bind-api-4.0.2.jar;D:\Maven\jakarta\activation\jakarta.activation-api\2.1.3\jakarta.activation-api-2.1.3.jar;D:\Maven\net\minidev\json-smart\2.5.2\json-smart-2.5.2.jar;D:\Maven\net\minidev\accessors-smart\2.5.2\accessors-smart-2.5.2.jar;D:\Maven\org\ow2\asm\asm\9.7.1\asm-9.7.1.jar;D:\Maven\org\assertj\assertj-core\3.26.3\assertj-core-3.26.3.jar;D:\Maven\net\bytebuddy\byte-buddy\1.15.11\byte-buddy-1.15.11.jar;D:\Maven\org\awaitility\awaitility\4.2.2\awaitility-4.2.2.jar;D:\Maven\org\hamcrest\hamcrest\2.2\hamcrest-2.2.jar;D:\Maven\org\junit\jupiter\junit-jupiter\5.11.4\junit-jupiter-5.11.4.jar;D:\Maven\org\junit\jupiter\junit-jupiter-api\5.11.4\junit-jupiter-api-5.11.4.jar;D:\Maven\org\opentest4j\opentest4j\1.3.0\opentest4j-1.3.0.jar;D:\Maven\org\junit\platform\junit-platform-commons\1.11.4\junit-platform-commons-1.11.4.jar;D:\Maven\org\apiguardian\apiguardian-api\1.1.2\apiguardian-api-1.1.2.jar;D:\Maven\org\junit\jupiter\junit-jupiter-params\5.11.4\junit-jupiter-params-5.11.4.jar;D:\Maven\org\junit\jupiter\junit-jupiter-engine\5.11.4\junit-jupiter-engine-5.11.4.jar;D:\Maven\org\junit\platform\junit-platform-engine\1.11.4\junit-platform-engine-1.11.4.jar;D:\Maven\org\mockito\mockito-core\5.14.2\mockito-core-5.14.2.jar;D:\Maven\net\bytebuddy\byte-buddy-agent\1.15.11\byte-buddy-agent-1.15.11.jar;D:\Maven\org\objenesis\objenesis\3.3\objenesis-3.3.jar;D:\Maven\org\mockito\mockito-junit-jupiter\5.14.2\mockito-junit-jupiter-5.14.2.jar;D:\Maven\org\skyscreamer\jsonassert\1.5.3\jsonassert-1.5.3.jar;D:\Maven\com\vaadin\external\google\android-json\0.0.20131108.vaadin1\android-json-0.0.20131108.vaadin1.jar;D:\Maven\org\springframework\spring-core\6.2.6\spring-core-6.2.6.jar;D:\Maven\org\springframework\spring-jcl\6.2.6\spring-jcl-6.2.6.jar;D:\Maven\org\springframework\spring-test\6.2.6\spring-test-6.2.6.jar;D:\Maven\org\xmlunit\xmlunit-core\2.10.0\xmlunit-core-2.10.0.jar;"/>
    <property name="sun.cpu.endian" value="little"/>
    <property name="user.home" value="C:\Users\HP"/>
    <property name="user.language" value="en"/>
    <property name="java.specification.vendor" value="Oracle Corporation"/>
    <property name="java.version.date" value="2025-01-21"/>
    <property name="java.home" value="C:\Users\HP\.jdks\openjdk-23.0.2"/>
    <property name="file.separator" value="\"/>
    <property name="basedir" value="D:\Projects\Fertility-treatmet-system\backend"/>
    <property name="java.vm.compressedOopsMode" value="Zero based"/>
    <property name="line.separator" value="&#10;"/>
    <property name="java.vm.specification.vendor" value="Oracle Corporation"/>
    <property name="java.specification.name" value="Java Platform API Specification"/>
    <property name="FILE_LOG_CHARSET" value="UTF-8"/>
    <property name="java.awt.headless" value="true"/>
    <property name="surefire.real.class.path" value="C:\Users\HP\AppData\Local\Temp\surefire8949312460462478112\surefirebooter-20250531094521186_3.jar"/>
    <property name="user.script" value=""/>
    <property name="sun.management.compiler" value="HotSpot 64-Bit Tiered Compilers"/>
    <property name="java.runtime.version" value="23.0.2+7-58"/>
    <property name="user.name" value="HP"/>
    <property name="stdout.encoding" value="Cp1252"/>
    <property name="path.separator" value=";"/>
    <property name="os.version" value="10.0"/>
    <property name="java.runtime.name" value="OpenJDK Runtime Environment"/>
    <property name="file.encoding" value="UTF-8"/>
    <property name="java.vm.name" value="OpenJDK 64-Bit Server VM"/>
    <property name="localRepository" value="D:\Maven"/>
    <property name="java.vendor.url.bug" value="https://bugreport.java.com/bugreport/"/>
    <property name="java.io.tmpdir" value="C:\Users\HP\AppData\Local\Temp\"/>
    <property name="idea.version" value="2024.3.3"/>
    <property name="java.version" value="23.0.2"/>
    <property name="user.dir" value="D:\Projects\Fertility-treatmet-system\backend"/>
    <property name="os.arch" value="amd64"/>
    <property name="java.vm.specification.name" value="Java Virtual Machine Specification"/>
    <property name="PID" value="17252"/>
    <property name="sun.os.patch.level" value=""/>
    <property name="CONSOLE_LOG_CHARSET" value="UTF-8"/>
    <property name="native.encoding" value="Cp1252"/>
    <property name="java.library.path" value="C:\Users\HP\.jdks\openjdk-23.0.2\bin;C:\windows\Sun\Java\bin;C:\windows\system32;C:\windows;C:\Program Files\Common Files\Oracle\Java\javapath;C:\Program Files (x86)\Common Files\Oracle\Java\java8path;C:\Program Files (x86)\Common Files\Oracle\Java\javapath;C:\windows\system32;C:\windows;C:\windows\System32\Wbem;C:\windows\System32\WindowsPowerShell\v1.0\;C:\windows\System32\OpenSSH\;C:\Program Files\Process Lasso\;C:\sqlite;C:\ProgramData\chocolatey\bin;C:\Users\HP\AppData\Roaming\nvm;C:\Program Files\nodejs;C:\Program Files\Calibre2\;C:\Program Files\Microsoft SQL Server\Client SDK\ODBC\170\Tools\Binn\;C:\Program Files\Git\cmd;C:\Program Files (x86)\ZeroTier\One\;C:\Program Files\Microsoft SQL Server\150\Tools\Binn\;C:\Program Files\dotnet\;C:\Program Files (x86)\Windows Kits\10\Windows Performance Toolkit\;C:\Strawberry\c\bin;C:\Strawberry\perl\site\bin;C:\Strawberry\perl\bin;C:\Ruby32-x64\bin;C:\Users\HP\.cargo\bin;C:\Users\HP\AppData\Local\Microsoft\WindowsApps;C:\Users\HP\AppData\Local\Programs\Microsoft;C:\Program Files\PostgreSQL\17\bin;C:\Program Files (x86)\Microsoft SQL Server\160\DTS\Binn\;C:\Program Files (x86)\Microsoft SQL Server\160\Tools\Binn\;C:\Program Files\Microsoft SQL Server\160\Tools\Binn\;C:\Program Files\Microsoft SQL Server\160\DTS\Binn\;C:\Program Files\Docker\Docker\resources\bin;C:\Program Files\Cloudflare\Cloudflare WARP\;C:\Users\HP\AppData\Local\Programs\Microsoft VS Code\bin;C:\tools\neovim\nvim-win64\bin;C:\Users\HP\AppData\Local\Microsoft\WinGet\Links;C:\Users\HP\.dotnet\tools;C:\Program Files\LLVM\bin;C:\Program Files\heroku\bin;."/>
    <property name="java.vm.info" value="mixed mode, sharing"/>
    <property name="stderr.encoding" value="Cp1252"/>
    <property name="java.vendor" value="Oracle Corporation"/>
    <property name="java.vm.version" value="23.0.2+7-58"/>
    <property name="sun.io.unicode.encoding" value="UnicodeLittle"/>
    <property name="java.class.version" value="67.0"/>
    <property name="LOGGED_APPLICATION_NAME" value="[backend] "/>
  </properties>
  <testcase name="contextLoads" classname="com.group3.backend.BackendApplicationTests" time="1.49">
    <system-out><![CDATA[09:45:22.854 [main] INFO org.springframework.test.context.support.AnnotationConfigContextLoaderUtils -- Could not detect default configuration classes for test class [com.group3.backend.BackendApplicationTests]: BackendApplicationTests does not declare any static, non-private, non-final, nested classes annotated with @Configuration.
09:45:23.121 [main] INFO org.springframework.boot.test.context.SpringBootTestContextBootstrapper -- Found @SpringBootConfiguration com.group3.backend.BackendApplication for test class com.group3.backend.BackendApplicationTests

  .   ____          _            __ _ _
 /\\ / ___'_ __ _ _(_)_ __  __ _ \ \ \ \
( ( )\___ | '_ | '_| | '_ \/ _` | \ \ \ \
 \\/  ___)| |_)| | | | | || (_| |  ) ) ) )
  '  |____| .__|_| |_|_| |_\__, | / / / /
 =========|_|==============|___/=/_/_/_/

 :: Spring Boot ::                (v3.4.5)

2025-05-31T09:45:24.125+07:00  INFO 17252 --- [backend] [           main] c.g.backend.BackendApplicationTests      : Starting BackendApplicationTests using Java 23.0.2 with PID 17252 (started by HP in D:\Projects\Fertility-treatmet-system\backend)
2025-05-31T09:45:24.127+07:00  INFO 17252 --- [backend] [           main] c.g.backend.BackendApplicationTests      : No active profile set, falling back to 1 default profile: "default"
2025-05-31T09:45:27.202+07:00  INFO 17252 --- [backend] [           main] o.s.b.a.w.s.WelcomePageHandlerMapping    : Adding welcome page: class path resource [static/index.html]
2025-05-31T09:45:27.928+07:00  INFO 17252 --- [backend] [           main] c.g.backend.BackendApplicationTests      : Started BackendApplicationTests in 4.484 seconds (process running for 6.566)
]]></system-out>
    <system-err><![CDATA[Mockito is currently self-attaching to enable the inline-mock-maker. This will no longer work in future releases of the JDK. Please add Mockito as an agent to your build what is described in Mockito's documentation: https://javadoc.io/doc/org.mockito/mockito-core/latest/org/mockito/Mockito.html#0.3
WARNING: A Java agent has been loaded dynamically (D:\Maven\net\bytebuddy\byte-buddy-agent\1.15.11\byte-buddy-agent-1.15.11.jar)
WARNING: If a serviceability tool is in use, please run with -XX:+EnableDynamicAgentLoading to hide this warning
WARNING: If a serviceability tool is not in use, please run with -Djdk.instrument.traceUsage for more information
WARNING: Dynamic loading of agents will be disallowed by default in a future release
]]></system-err>
  </testcase>
</testsuite>